Compiled from "CWE617_Reachable_Assertion__length_10.java"
public class testcases.CWE617_Reachable_Assertion.CWE617_Reachable_Assertion__length_10 extends testcasesupport.AbstractTestCase {
  static final boolean $assertionsDisabled;

  public testcases.CWE617_Reachable_Assertion.CWE617_Reachable_Assertion__length_10();
    Code:
       0: aload_0
       1: invokespecial #1                  // Method testcasesupport/AbstractTestCase."<init>":()V
       4: return

  public void bad() throws java.lang.Throwable;
    Code:
       0: getstatic     #7                  // Field testcasesupport/IO.staticTrue:Z
       3: ifeq          28
       6: getstatic     #13                 // Field $assertionsDisabled:Z
       9: ifne          28
      12: ldc           #18                 // String
      14: invokevirtual #20                 // Method java/lang/String.length:()I
      17: ifgt          28
      20: new           #26                 // class java/lang/AssertionError
      23: dup
      24: invokespecial #28                 // Method java/lang/AssertionError."<init>":()V
      27: athrow
      28: return

  private void good1() throws java.lang.Throwable;
    Code:
       0: getstatic     #29                 // Field testcasesupport/IO.staticFalse:Z
       3: ifeq          14
       6: ldc           #32                 // String Benign, fixed string
       8: invokestatic  #34                 // Method testcasesupport/IO.writeLine:(Ljava/lang/String;)V
      11: goto          36
      14: getstatic     #13                 // Field $assertionsDisabled:Z
      17: ifne          36
      20: ldc           #38                 // String cwe617
      22: invokevirtual #20                 // Method java/lang/String.length:()I
      25: ifgt          36
      28: new           #26                 // class java/lang/AssertionError
      31: dup
      32: invokespecial #28                 // Method java/lang/AssertionError."<init>":()V
      35: athrow
      36: return

  private void good2() throws java.lang.Throwable;
    Code:
       0: getstatic     #7                  // Field testcasesupport/IO.staticTrue:Z
       3: ifeq          28
       6: getstatic     #13                 // Field $assertionsDisabled:Z
       9: ifne          28
      12: ldc           #38                 // String cwe617
      14: invokevirtual #20                 // Method java/lang/String.length:()I
      17: ifgt          28
      20: new           #26                 // class java/lang/AssertionError
      23: dup
      24: invokespecial #28                 // Method java/lang/AssertionError."<init>":()V
      27: athrow
      28: return

  public void good() throws java.lang.Throwable;
    Code:
       0: aload_0
       1: invokevirtual #40                 // Method good1:()V
       4: aload_0
       5: invokevirtual #43                 // Method good2:()V
       8: return

  public static void main(java.lang.String[]) throws java.lang.ClassNotFoundException, java.lang.InstantiationException, java.lang.IllegalAccessException;
    Code:
       0: aload_0
       1: invokestatic  #46                 // Method mainFromParent:([Ljava/lang/String;)V
       4: return

  static {};
    Code:
       0: ldc           #14                 // class testcases/CWE617_Reachable_Assertion/CWE617_Reachable_Assertion__length_10
       2: invokevirtual #50                 // Method java/lang/Class.desiredAssertionStatus:()Z
       5: ifne          12
       8: iconst_1
       9: goto          13
      12: iconst_0
      13: putstatic     #13                 // Field $assertionsDisabled:Z
      16: return
}
