Compiled from "CWE617_Reachable_Assertion__false_01.java"
public class testcases.CWE617_Reachable_Assertion.CWE617_Reachable_Assertion__false_01 extends testcasesupport.AbstractTestCase {
  static final boolean $assertionsDisabled;

  public testcases.CWE617_Reachable_Assertion.CWE617_Reachable_Assertion__false_01();
    Code:
       0: aload_0
       1: invokespecial #1                  // Method testcasesupport/AbstractTestCase."<init>":()V
       4: return

  public void bad() throws java.lang.Throwable;
    Code:
       0: getstatic     #7                  // Field $assertionsDisabled:Z
       3: ifne          14
       6: new           #13                 // class java/lang/AssertionError
       9: dup
      10: invokespecial #15                 // Method java/lang/AssertionError."<init>":()V
      13: athrow
      14: return

  public void good() throws java.lang.Throwable;
    Code:
       0: aload_0
       1: invokevirtual #16                 // Method good1:()V
       4: return

  private void good1() throws java.lang.Throwable;
    Code:
       0: return

  public static void main(java.lang.String[]) throws java.lang.ClassNotFoundException, java.lang.InstantiationException, java.lang.IllegalAccessException;
    Code:
       0: aload_0
       1: invokestatic  #19                 // Method mainFromParent:([Ljava/lang/String;)V
       4: return

  static {};
    Code:
       0: ldc           #8                  // class testcases/CWE617_Reachable_Assertion/CWE617_Reachable_Assertion__false_01
       2: invokevirtual #23                 // Method java/lang/Class.desiredAssertionStatus:()Z
       5: ifne          12
       8: iconst_1
       9: goto          13
      12: iconst_0
      13: putstatic     #7                  // Field $assertionsDisabled:Z
      16: return
}
